F:/programs/ImageMagick/mogrify.exe -trim E:\examples\0_PC\B70_M_weapon\out\atk_1\45\00000.png
F:/programs/ImageMagick/identify.exe -format %X,%Y,%w,%h E:\examples\0_PC\B70_M_weapon\out\atk_1\45\00000.png
+237,+150,20,136
F:/programs/ImageMagick/mogrify.exe -trim E:\examples\0_PC\B70_M_weapon\out\atk_1\45\00001.png
F:/programs/ImageMagick/identify.exe -format %X,%Y,%w,%h E:\examples\0_PC\B70_M_weapon\out\atk_1\45\00001.png
+228,+179,79,98
F:/programs/ImageMagick/mogrify.exe -trim E:\examples\0_PC\B70_M_weapon\out\atk_1\45\00002.png
F:/programs/ImageMagick/identify.exe -format %X,%Y,%w,%h E:\examples\0_PC\B70_M_weapon\out\atk_1\45\00002.png
+246,+150,54,136
F:/programs/ImageMagick/mogrify.exe -trim E:\examples\0_PC\B70_M_weapon\out\atk_1\45\00003.png
F:/programs/ImageMagick/identify.exe -format %X,%Y,%w,%h E:\examples\0_PC\B70_M_weapon\out\atk_1\45\00003.png
+247,+150,55,137
F:/programs/ImageMagick/mogrify.exe -trim E:\examples\0_PC\B70_M_weapon\out\atk_1\45\00004.png
F:/programs/ImageMagick/identify.exe -format %X,%Y,%w,%h E:\examples\0_PC\B70_M_weapon\out\atk_1\45\00004.png
+243,+151,62,133
F:/programs/ImageMagick/mogrify.exe -trim E:\examples\0_PC\B70_M_weapon\out\atk_1\45\00005.png
F:/programs/ImageMagick/identify.exe -format %X,%Y,%w,%h E:\examples\0_PC\B70_M_weapon\out\atk_1\45\00005.png
+239,+152,69,129
F:/programs/ImageMagick/mogrify.exe -trim E:\examples\0_PC\B70_M_weapon\out\atk_1\45\00006.png
F:/programs/ImageMagick/identify.exe -format %X,%Y,%w,%h E:\examples\0_PC\B70_M_weapon\out\atk_1\45\00006.png
+244,+150,60,135
F:/programs/ImageMagick/mogrify.exe -trim E:\examples\0_PC\B70_M_weapon\out\atk_1\45\00007.png
F:/programs/ImageMagick/identify.exe -format %X,%Y,%w,%h E:\examples\0_PC\B70_M_weapon\out\atk_1\45\00007.png
+226,+182,86,80
F:/programs/ImageMagick/mogrify.exe -trim E:\examples\0_PC\B70_M_weapon\out\atk_1\正侧\00000.png
F:/programs/ImageMagick/identify.exe -format %X,%Y,%w,%h E:\examples\0_PC\B70_M_weapon\out\atk_1\正侧\00000.png
+262,+153,27,105
F:/programs/ImageMagick/mogrify.exe -trim E:\examples\0_PC\B70_M_weapon\out\atk_1\正侧\00001.png
F:/programs/ImageMagick/identify.exe -format %X,%Y,%w,%h E:\examples\0_PC\B70_M_weapon\out\atk_1\正侧\00001.png
+252,+184,66,102
F:/programs/ImageMagick/mogrify.exe -trim E:\examples\0_PC\B70_M_weapon\out\atk_1\正侧\00002.png
F:/programs/ImageMagick/identify.exe -format %X,%Y,%w,%h E:\examples\0_PC\B70_M_weapon\out\atk_1\正侧\00002.png
+265,+154,24,142
F:/programs/ImageMagick/mogrify.exe -trim E:\examples\0_PC\B70_M_weapon\out\atk_1\正侧\00003.png
F:/programs/ImageMagick/identify.exe -format %X,%Y,%w,%h E:\examples\0_PC\B70_M_weapon\out\atk_1\正侧\00003.png
+265,+155,27,142
F:/programs/ImageMagick/mogrify.exe -trim E:\examples\0_PC\B70_M_weapon\out\atk_1\正侧\00004.png
F:/programs/ImageMagick/identify.exe -format %X,%Y,%w,%h E:\examples\0_PC\B70_M_weapon\out\atk_1\正侧\00004.png
+259,+153,34,143
F:/programs/ImageMagick/mogrify.exe -trim E:\examples\0_PC\B70_M_weapon\out\atk_1\正侧\00005.png
F:/programs/ImageMagick/identify.exe -format %X,%Y,%w,%h E:\examples\0_PC\B70_M_weapon\out\atk_1\正侧\00005.png
+254,+153,43,142
F:/programs/ImageMagick/mogrify.exe -trim E:\examples\0_PC\B70_M_weapon\out\atk_1\正侧\00006.png
F:/programs/ImageMagick/identify.exe -format %X,%Y,%w,%h E:\examples\0_PC\B70_M_weapon\out\atk_1\正侧\00006.png
+261,+154,31,142
F:/programs/ImageMagick/mogrify.exe -trim E:\examples\0_PC\B70_M_weapon\out\atk_1\正侧\00007.png
F:/programs/ImageMagick/identify.exe -format %X,%Y,%w,%h E:\examples\0_PC\B70_M_weapon\out\atk_1\正侧\00007.png
+262,+184,54,90
F:/programs/ImageMagick/mogrify.exe -trim E:\examples\0_PC\B70_M_weapon\out\atk_1\正面\00000.png
F:/programs/ImageMagick/identify.exe -format %X,%Y,%w,%h E:\examples\0_PC\B70_M_weapon\out\atk_1\正面\00000.png
+206,+160,40,134
F:/programs/ImageMagick/mogrify.exe -trim E:\examples\0_PC\B70_M_weapon\out\atk_1\正面\00001.png
F:/programs/ImageMagick/identify.exe -format %X,%Y,%w,%h E:\examples\0_PC\B70_M_weapon\out\atk_1\正面\00001.png
+184,+193,136,63
F:/programs/ImageMagick/mogrify.exe -trim E:\examples\0_PC\B70_M_weapon\out\atk_1\正面\00002.png
F:/programs/ImageMagick/identify.exe -format %X,%Y,%w,%h E:\examples\0_PC\B70_M_weapon\out\atk_1\正面\00002.png
+218,+156,62,119
F:/programs/ImageMagick/mogrify.exe -trim E:\examples\0_PC\B70_M_weapon\out\atk_1\正面\00003.png
F:/programs/ImageMagick/identify.exe -format %X,%Y,%w,%h E:\examples\0_PC\B70_M_weapon\out\atk_1\正面\00003.png
+217,+156,75,119
F:/programs/ImageMagick/mogrify.exe -trim E:\examples\0_PC\B70_M_weapon\out\atk_1\正面\00004.png
F:/programs/ImageMagick/identify.exe -format %X,%Y,%w,%h E:\examples\0_PC\B70_M_weapon\out\atk_1\正面\00004.png
+217,+158,75,113
F:/programs/ImageMagick/mogrify.exe -trim E:\examples\0_PC\B70_M_weapon\out\atk_1\正面\00005.png
F:/programs/ImageMagick/identify.exe -format %X,%Y,%w,%h E:\examples\0_PC\B70_M_weapon\out\atk_1\正面\00005.png
+218,+161,74,106
F:/programs/ImageMagick/mogrify.exe -trim E:\examples\0_PC\B70_M_weapon\out\atk_1\正面\00006.png
F:/programs/ImageMagick/identify.exe -format %X,%Y,%w,%h E:\examples\0_PC\B70_M_weapon\out\atk_1\正面\00006.png
+217,+157,75,115
F:/programs/ImageMagick/mogrify.exe -trim E:\examples\0_PC\B70_M_weapon\out\atk_1\正面\00007.png
F:/programs/ImageMagick/identify.exe -format %X,%Y,%w,%h E:\examples\0_PC\B70_M_weapon\out\atk_1\正面\00007.png
+176,+201,141,40
F:/programs/ImageMagick/mogrify.exe -trim E:\examples\0_PC\B70_M_weapon\out\atk_1\背侧\00000.png
F:/programs/ImageMagick/identify.exe -format %X,%Y,%w,%h E:\examples\0_PC\B70_M_weapon\out\atk_1\背侧\00000.png
+269,+167,42,127
F:/programs/ImageMagick/mogrify.exe -trim E:\examples\0_PC\B70_M_weapon\out\atk_1\背侧\00001.png
F:/programs/ImageMagick/identify.exe -format %X,%Y,%w,%h E:\examples\0_PC\B70_M_weapon\out\atk_1\背侧\00001.png
+212,+205,131,73
F:/programs/ImageMagick/mogrify.exe -trim E:\examples\0_PC\B70_M_weapon\out\atk_1\背侧\00002.png
F:/programs/ImageMagick/identify.exe -format %X,%Y,%w,%h E:\examples\0_PC\B70_M_weapon\out\atk_1\背侧\00002.png
+252,+164,50,139
F:/programs/ImageMagick/mogrify.exe -trim E:\examples\0_PC\B70_M_weapon\out\atk_1\背侧\00003.png
F:/programs/ImageMagick/identify.exe -format %X,%Y,%w,%h E:\examples\0_PC\B70_M_weapon\out\atk_1\背侧\00003.png
+245,+164,59,139
F:/programs/ImageMagick/mogrify.exe -trim E:\examples\0_PC\B70_M_weapon\out\atk_1\背侧\00004.png
F:/programs/ImageMagick/identify.exe -format %X,%Y,%w,%h E:\examples\0_PC\B70_M_weapon\out\atk_1\背侧\00004.png
+249,+162,51,141
F:/programs/ImageMagick/mogrify.exe -trim E:\examples\0_PC\B70_M_weapon\out\atk_1\背侧\00005.png
F:/programs/ImageMagick/identify.exe -format %X,%Y,%w,%h E:\examples\0_PC\B70_M_weapon\out\atk_1\背侧\00005.png
+252,+160,46,142
F:/programs/ImageMagick/mogrify.exe -trim E:\examples\0_PC\B70_M_weapon\out\atk_1\背侧\00006.png
F:/programs/ImageMagick/identify.exe -format %X,%Y,%w,%h E:\examples\0_PC\B70_M_weapon\out\atk_1\背侧\00006.png
+248,+163,53,140
F:/programs/ImageMagick/mogrify.exe -trim E:\examples\0_PC\B70_M_weapon\out\atk_1\背侧\00007.png
F:/programs/ImageMagick/identify.exe -format %X,%Y,%w,%h E:\examples\0_PC\B70_M_weapon\out\atk_1\背侧\00007.png
+220,+207,130,64
F:/programs/ImageMagick/mogrify.exe -trim E:\examples\0_PC\B70_M_weapon\out\atk_1\背面\00000.png
F:/programs/ImageMagick/identify.exe -format %X,%Y,%w,%h E:\examples\0_PC\B70_M_weapon\out\atk_1\背面\00000.png
+266,+178,40,126
F:/programs/ImageMagick/mogrify.exe -trim E:\examples\0_PC\B70_M_weapon\out\atk_1\背面\00001.png
F:/programs/ImageMagick/identify.exe -format %X,%Y,%w,%h E:\examples\0_PC\B70_M_weapon\out\atk_1\背面\00001.png
+192,+231,136,41
F:/programs/ImageMagick/mogrify.exe -trim E:\examples\0_PC\B70_M_weapon\out\atk_1\背面\00002.png
F:/programs/ImageMagick/identify.exe -format %X,%Y,%w,%h E:\examples\0_PC\B70_M_weapon\out\atk_1\背面\00002.png
+223,+171,71,128
F:/programs/ImageMagick/mogrify.exe -trim E:\examples\0_PC\B70_M_weapon\out\atk_1\背面\00003.png
F:/programs/ImageMagick/identify.exe -format %X,%Y,%w,%h E:\examples\0_PC\B70_M_weapon\out\atk_1\背面\00003.png
+220,+172,74,124
F:/programs/ImageMagick/mogrify.exe -trim E:\examples\0_PC\B70_M_weapon\out\atk_1\背面\00004.png
F:/programs/ImageMagick/identify.exe -format %X,%Y,%w,%h E:\examples\0_PC\B70_M_weapon\out\atk_1\背面\00004.png
+220,+168,75,130
F:/programs/ImageMagick/mogrify.exe -trim E:\examples\0_PC\B70_M_weapon\out\atk_1\背面\00005.png
F:/programs/ImageMagick/identify.exe -format %X,%Y,%w,%h E:\examples\0_PC\B70_M_weapon\out\atk_1\背面\00005.png
+220,+166,75,132
F:/programs/ImageMagick/mogrify.exe -trim E:\examples\0_PC\B70_M_weapon\out\atk_1\背面\00006.png
F:/programs/ImageMagick/identify.exe -format %X,%Y,%w,%h E:\examples\0_PC\B70_M_weapon\out\atk_1\背面\00006.png
+220,+170,74,127
F:/programs/ImageMagick/mogrify.exe -trim E:\examples\0_PC\B70_M_weapon\out\atk_1\背面\00007.png
F:/programs/ImageMagick/identify.exe -format %X,%Y,%w,%h E:\examples\0_PC\B70_M_weapon\out\atk_1\背面\00007.png
+195,+233,141,43
F:/programs/ImageMagick/mogrify.exe -trim E:\examples\0_PC\B70_M_weapon\out\atk_2\45\00000.png
F:/programs/ImageMagick/identify.exe -format %X,%Y,%w,%h E:\examples\0_PC\B70_M_weapon\out\atk_2\45\00000.png
+237,+150,20,136
F:/programs/ImageMagick/mogrify.exe -trim E:\examples\0_PC\B70_M_weapon\out\atk_2\45\00001.png
F:/programs/ImageMagick/identify.exe -format %X,%Y,%w,%h E:\examples\0_PC\B70_M_weapon\out\atk_2\45\00001.png
+260,+161,20,143
F:/programs/ImageMagick/mogrify.exe -trim E:\examples\0_PC\B70_M_weapon\out\atk_2\45\00002.png
F:/programs/ImageMagick/identify.exe -format %X,%Y,%w,%h E:\examples\0_PC\B70_M_weapon\out\atk_2\45\00002.png
+274,+206,33,73
F:/programs/ImageMagick/mogrify.exe -trim E:\examples\0_PC\B70_M_weapon\out\atk_2\45\00003.png
F:/programs/ImageMagick/identify.exe -format %X,%Y,%w,%h E:\examples\0_PC\B70_M_weapon\out\atk_2\45\00003.png
+184,+154,56,103
F:/programs/ImageMagick/mogrify.exe -trim E:\examples\0_PC\B70_M_weapon\out\atk_2\45\00004.png
F:/programs/ImageMagick/identify.exe -format %X,%Y,%w,%h E:\examples\0_PC\B70_M_weapon\out\atk_2\45\00004.png
+222,+143,42,120
F:/programs/ImageMagick/mogrify.exe -trim E:\examples\0_PC\B70_M_weapon\out\atk_2\45\00005.png
F:/programs/ImageMagick/identify.exe -format %X,%Y,%w,%h E:\examples\0_PC\B70_M_weapon\out\atk_2\45\00005.png
+226,+133,47,134
F:/programs/ImageMagick/mogrify.exe -trim E:\examples\0_PC\B70_M_weapon\out\atk_2\45\00006.png
F:/programs/ImageMagick/identify.exe -format %X,%Y,%w,%h E:\examples\0_PC\B70_M_weapon\out\atk_2\45\00006.png
+222,+136,50,137
F:/programs/ImageMagick/mogrify.exe -trim E:\examples\0_PC\B70_M_weapon\out\atk_2\45\00007.png
F:/programs/ImageMagick/identify.exe -format %X,%Y,%w,%h E:\examples\0_PC\B70_M_weapon\out\atk_2\45\00007.png
+211,+186,42,127
F:/programs/ImageMagick/mogrify.exe -trim E:\examples\0_PC\B70_M_weapon\out\atk_2\45\00008.png
F:/programs/ImageMagick/identify.exe -format %X,%Y,%w,%h E:\examples\0_PC\B70_M_weapon\out\atk_2\45\00008.png
+212,+186,31,127
F:/programs/ImageMagick/mogrify.exe -trim E:\examples\0_PC\B70_M_weapon\out\atk_2\45\00009.png
F:/programs/ImageMagick/identify.exe -format %X,%Y,%w,%h E:\examples\0_PC\B70_M_weapon\out\atk_2\45\00009.png
+195,+166,43,134
F:/programs/ImageMagick/mogrify.exe -trim E:\examples\0_PC\B70_M_weapon\out\atk_2\正侧\00000.png
F:/programs/ImageMagick/identify.exe -format %X,%Y,%w,%h E:\examples\0_PC\B70_M_weapon\out\atk_2\正侧\00000.png
+262,+153,27,105
F:/programs/ImageMagick/mogrify.exe -trim E:\examples\0_PC\B70_M_weapon\out\atk_2\正侧\00001.png
F:/programs/ImageMagick/identify.exe -format %X,%Y,%w,%h E:\examples\0_PC\B70_M_weapon\out\atk_2\正侧\00001.png
+252,+172,64,138
F:/programs/ImageMagick/mogrify.exe -trim E:\examples\0_PC\B70_M_weapon\out\atk_2\正侧\00002.png
F:/programs/ImageMagick/identify.exe -format %X,%Y,%w,%h E:\examples\0_PC\B70_M_weapon\out\atk_2\正侧\00002.png
+218,+220,116,58
F:/programs/ImageMagick/mogrify.exe -trim E:\examples\0_PC\B70_M_weapon\out\atk_2\正侧\00003.png
F:/programs/ImageMagick/identify.exe -format %X,%Y,%w,%h E:\examples\0_PC\B70_M_weapon\out\atk_2\正侧\00003.png
+187,+131,51,95
F:/programs/ImageMagick/mogrify.exe -trim E:\examples\0_PC\B70_M_weapon\out\atk_2\正侧\00004.png
F:/programs/ImageMagick/identify.exe -format %X,%Y,%w,%h E:\examples\0_PC\B70_M_weapon\out\atk_2\正侧\00004.png
+208,+133,41,120
F:/programs/ImageMagick/mogrify.exe -trim E:\examples\0_PC\B70_M_weapon\out\atk_2\正侧\00005.png
F:/programs/ImageMagick/identify.exe -format %X,%Y,%w,%h E:\examples\0_PC\B70_M_weapon\out\atk_2\正侧\00005.png
+217,+128,44,130
F:/programs/ImageMagick/mogrify.exe -trim E:\examples\0_PC\B70_M_weapon\out\atk_2\正侧\00006.png
F:/programs/ImageMagick/identify.exe -format %X,%Y,%w,%h E:\examples\0_PC\B70_M_weapon\out\atk_2\正侧\00006.png
+206,+132,57,127
F:/programs/ImageMagick/mogrify.exe -trim E:\examples\0_PC\B70_M_weapon\out\atk_2\正侧\00007.png
F:/programs/ImageMagick/identify.exe -format %X,%Y,%w,%h E:\examples\0_PC\B70_M_weapon\out\atk_2\正侧\00007.png
+190,+171,42,129
F:/programs/ImageMagick/mogrify.exe -trim E:\examples\0_PC\B70_M_weapon\out\atk_2\正侧\00008.png
F:/programs/ImageMagick/identify.exe -format %X,%Y,%w,%h E:\examples\0_PC\B70_M_weapon\out\atk_2\正侧\00008.png
+190,+171,41,129
F:/programs/ImageMagick/mogrify.exe -trim E:\examples\0_PC\B70_M_weapon\out\atk_2\正侧\00009.png
F:/programs/ImageMagick/identify.exe -format %X,%Y,%w,%h E:\examples\0_PC\B70_M_weapon\out\atk_2\正侧\00009.png
+211,+150,33,136
F:/programs/ImageMagick/mogrify.exe -trim E:\examples\0_PC\B70_M_weapon\out\atk_2\正面\00000.png
F:/programs/ImageMagick/identify.exe -format %X,%Y,%w,%h E:\examples\0_PC\B70_M_weapon\out\atk_2\正面\00000.png
+206,+160,40,134
F:/programs/ImageMagick/mogrify.exe -trim E:\examples\0_PC\B70_M_weapon\out\atk_2\正面\00001.png
F:/programs/ImageMagick/identify.exe -format %X,%Y,%w,%h E:\examples\0_PC\B70_M_weapon\out\atk_2\正面\00001.png
+222,+163,59,137
F:/programs/ImageMagick/mogrify.exe -trim E:\examples\0_PC\B70_M_weapon\out\atk_2\正面\00002.png
F:/programs/ImageMagick/identify.exe -format %X,%Y,%w,%h E:\examples\0_PC\B70_M_weapon\out\atk_2\正面\00002.png
+221,+208,109,53
F:/programs/ImageMagick/mogrify.exe -trim E:\examples\0_PC\B70_M_weapon\out\atk_2\正面\00003.png
F:/programs/ImageMagick/identify.exe -format %X,%Y,%w,%h E:\examples\0_PC\B70_M_weapon\out\atk_2\正面\00003.png
+210,+164,49,99
F:/programs/ImageMagick/mogrify.exe -trim E:\examples\0_PC\B70_M_weapon\out\atk_2\正面\00004.png
F:/programs/ImageMagick/identify.exe -format %X,%Y,%w,%h E:\examples\0_PC\B70_M_weapon\out\atk_2\正面\00004.png
+240,+140,40,128
F:/programs/ImageMagick/mogrify.exe -trim E:\examples\0_PC\B70_M_weapon\out\atk_2\正面\00005.png
F:/programs/ImageMagick/identify.exe -format %X,%Y,%w,%h E:\examples\0_PC\B70_M_weapon\out\atk_2\正面\00005.png
+251,+132,29,137
F:/programs/ImageMagick/mogrify.exe -trim E:\examples\0_PC\B70_M_weapon\out\atk_2\正面\00006.png
F:/programs/ImageMagick/identify.exe -format %X,%Y,%w,%h E:\examples\0_PC\B70_M_weapon\out\atk_2\正面\00006.png
+254,+134,30,141
F:/programs/ImageMagick/mogrify.exe -trim E:\examples\0_PC\B70_M_weapon\out\atk_2\正面\00007.png
F:/programs/ImageMagick/identify.exe -format %X,%Y,%w,%h E:\examples\0_PC\B70_M_weapon\out\atk_2\正面\00007.png
+252,+192,27,125
F:/programs/ImageMagick/mogrify.exe -trim E:\examples\0_PC\B70_M_weapon\out\atk_2\正面\00008.png
F:/programs/ImageMagick/identify.exe -format %X,%Y,%w,%h E:\examples\0_PC\B70_M_weapon\out\atk_2\正面\00008.png
+252,+192,22,125
F:/programs/ImageMagick/mogrify.exe -trim E:\examples\0_PC\B70_M_weapon\out\atk_2\正面\00009.png
F:/programs/ImageMagick/identify.exe -format %X,%Y,%w,%h E:\examples\0_PC\B70_M_weapon\out\atk_2\正面\00009.png
+212,+177,36,131
F:/programs/ImageMagick/mogrify.exe -trim E:\examples\0_PC\B70_M_weapon\out\atk_2\背侧\00000.png
F:/programs/ImageMagick/identify.exe -format %X,%Y,%w,%h E:\examples\0_PC\B70_M_weapon\out\atk_2\背侧\00000.png
+269,+167,42,127
F:/programs/ImageMagick/mogrify.exe -trim E:\examples\0_PC\B70_M_weapon\out\atk_2\背侧\00001.png
F:/programs/ImageMagick/identify.exe -format %X,%Y,%w,%h E:\examples\0_PC\B70_M_weapon\out\atk_2\背侧\00001.png
+239,+187,80,122
F:/programs/ImageMagick/mogrify.exe -trim E:\examples\0_PC\B70_M_weapon\out\atk_2\背侧\00002.png
F:/programs/ImageMagick/identify.exe -format %X,%Y,%w,%h E:\examples\0_PC\B70_M_weapon\out\atk_2\背侧\00002.png
+182,+240,143,47
F:/programs/ImageMagick/mogrify.exe -trim E:\examples\0_PC\B70_M_weapon\out\atk_2\背侧\00003.png
F:/programs/ImageMagick/identify.exe -format %X,%Y,%w,%h E:\examples\0_PC\B70_M_weapon\out\atk_2\背侧\00003.png
+221,+112,45,138
F:/programs/ImageMagick/mogrify.exe -trim E:\examples\0_PC\B70_M_weapon\out\atk_2\背侧\00004.png
F:/programs/ImageMagick/identify.exe -format %X,%Y,%w,%h E:\examples\0_PC\B70_M_weapon\out\atk_2\背侧\00004.png
+218,+119,28,87
F:/programs/ImageMagick/mogrify.exe -trim E:\examples\0_PC\B70_M_weapon\out\atk_2\背侧\00005.png
F:/programs/ImageMagick/identify.exe -format %X,%Y,%w,%h E:\examples\0_PC\B70_M_weapon\out\atk_2\背侧\00005.png
+216,+119,39,127
F:/programs/ImageMagick/mogrify.exe -trim E:\examples\0_PC\B70_M_weapon\out\atk_2\背侧\00006.png
F:/programs/ImageMagick/identify.exe -format %X,%Y,%w,%h E:\examples\0_PC\B70_M_weapon\out\atk_2\背侧\00006.png
+214,+124,45,119
F:/programs/ImageMagick/mogrify.exe -trim E:\examples\0_PC\B70_M_weapon\out\atk_2\背侧\00007.png
F:/programs/ImageMagick/identify.exe -format %X,%Y,%w,%h E:\examples\0_PC\B70_M_weapon\out\atk_2\背侧\00007.png
+202,+153,37,131
F:/programs/ImageMagick/mogrify.exe -trim E:\examples\0_PC\B70_M_weapon\out\atk_2\背侧\00008.png
F:/programs/ImageMagick/identify.exe -format %X,%Y,%w,%h E:\examples\0_PC\B70_M_weapon\out\atk_2\背侧\00008.png
+202,+153,37,131
F:/programs/ImageMagick/mogrify.exe -trim E:\examples\0_PC\B70_M_weapon\out\atk_2\背侧\00009.png
F:/programs/ImageMagick/identify.exe -format %X,%Y,%w,%h E:\examples\0_PC\B70_M_weapon\out\atk_2\背侧\00009.png
+249,+143,13,58
F:/programs/ImageMagick/mogrify.exe -trim E:\examples\0_PC\B70_M_weapon\out\atk_2\背面\00000.png
F:/programs/ImageMagick/identify.exe -format %X,%Y,%w,%h E:\examples\0_PC\B70_M_weapon\out\atk_2\背面\00000.png
+266,+178,40,126
F:/programs/ImageMagick/mogrify.exe -trim E:\examples\0_PC\B70_M_weapon\out\atk_2\背面\00001.png
F:/programs/ImageMagick/identify.exe -format %X,%Y,%w,%h E:\examples\0_PC\B70_M_weapon\out\atk_2\背面\00001.png
+232,+200,58,104
F:/programs/ImageMagick/mogrify.exe -trim E:\examples\0_PC\B70_M_weapon\out\atk_2\背面\00002.png
F:/programs/ImageMagick/identify.exe -format %X,%Y,%w,%h E:\examples\0_PC\B70_M_weapon\out\atk_2\背面\00002.png
+182,+214,109,78
F:/programs/ImageMagick/mogrify.exe -trim E:\examples\0_PC\B70_M_weapon\out\atk_2\背面\00003.png
F:/programs/ImageMagick/identify.exe -format %X,%Y,%w,%h E:\examples\0_PC\B70_M_weapon\out\atk_2\背面\00003.png
+253,+111,49,143
F:/programs/ImageMagick/mogrify.exe -trim E:\examples\0_PC\B70_M_weapon\out\atk_2\背面\00004.png
F:/programs/ImageMagick/identify.exe -format %X,%Y,%w,%h E:\examples\0_PC\B70_M_weapon\out\atk_2\背面\00004.png
+232,+111,40,131
F:/programs/ImageMagick/mogrify.exe -trim E:\examples\0_PC\B70_M_weapon\out\atk_2\背面\00005.png
F:/programs/ImageMagick/identify.exe -format %X,%Y,%w,%h E:\examples\0_PC\B70_M_weapon\out\atk_2\背面\00005.png
+232,+116,29,70
F:/programs/ImageMagick/mogrify.exe -trim E:\examples\0_PC\B70_M_weapon\out\atk_2\背面\00006.png
F:/programs/ImageMagick/identify.exe -format %X,%Y,%w,%h E:\examples\0_PC\B70_M_weapon\out\atk_2\背面\00006.png
+228,+120,30,67
F:/programs/ImageMagick/mogrify.exe -trim E:\examples\0_PC\B70_M_weapon\out\atk_2\背面\00007.png
F:/programs/ImageMagick/identify.exe -format %X,%Y,%w,%h E:\examples\0_PC\B70_M_weapon\out\atk_2\背面\00007.png
+233,+143,26,53
F:/programs/ImageMagick/mogrify.exe -trim E:\examples\0_PC\B70_M_weapon\out\atk_2\背面\00008.png
F:/programs/ImageMagick/identify.exe -format %X,%Y,%w,%h E:\examples\0_PC\B70_M_weapon\out\atk_2\背面\00008.png
+242,+143,18,54
F:/programs/ImageMagick/mogrify.exe -trim E:\examples\0_PC\B70_M_weapon\out\atk_2\背面\00009.png
F:/programs/ImageMagick/identify.exe -format %X,%Y,%w,%h E:\examples\0_PC\B70_M_weapon\out\atk_2\背面\00009.png
+266,+150,34,129
F:/programs/ImageMagick/mogrify.exe -trim E:\examples\0_PC\B70_M_weapon\out\atk_n\45\00000.png
F:/programs/ImageMagick/identify.exe -format %X,%Y,%w,%h E:\examples\0_PC\B70_M_weapon\out\atk_n\45\00000.png
+237,+150,20,136
F:/programs/ImageMagick/mogrify.exe -trim E:\examples\0_PC\B70_M_weapon\out\atk_n\45\00001.png
F:/programs/ImageMagick/identify.exe -format %X,%Y,%w,%h E:\examples\0_PC\B70_M_weapon\out\atk_n\45\00001.png
+213,+187,133,74
F:/programs/ImageMagick/mogrify.exe -trim E:\examples\0_PC\B70_M_weapon\out\atk_n\45\00002.png
F:/programs/ImageMagick/identify.exe -format %X,%Y,%w,%h E:\examples\0_PC\B70_M_weapon\out\atk_n\45\00002.png
+204,+213,144,22
F:/programs/ImageMagick/mogrify.exe -trim E:\examples\0_PC\B70_M_weapon\out\atk_n\45\00003.png
F:/programs/ImageMagick/identify.exe -format %X,%Y,%w,%h E:\examples\0_PC\B70_M_weapon\out\atk_n\45\00003.png
+177,+191,57,66
F:/programs/ImageMagick/mogrify.exe -trim E:\examples\0_PC\B70_M_weapon\out\atk_n\45\00004.png
F:/programs/ImageMagick/identify.exe -format %X,%Y,%w,%h E:\examples\0_PC\B70_M_weapon\out\atk_n\45\00004.png
+183,+181,45,87
F:/programs/ImageMagick/mogrify.exe -trim E:\examples\0_PC\B70_M_weapon\out\atk_n\45\00005.png
F:/programs/ImageMagick/identify.exe -format %X,%Y,%w,%h E:\examples\0_PC\B70_M_weapon\out\atk_n\45\00005.png
+202,+187,39,59
F:/programs/ImageMagick/mogrify.exe -trim E:\examples\0_PC\B70_M_weapon\out\atk_n\正侧\00000.png
F:/programs/ImageMagick/identify.exe -format %X,%Y,%w,%h E:\examples\0_PC\B70_M_weapon\out\atk_n\正侧\00000.png
+262,+153,27,105
F:/programs/ImageMagick/mogrify.exe -trim E:\examples\0_PC\B70_M_weapon\out\atk_n\正侧\00001.png
F:/programs/ImageMagick/identify.exe -format %X,%Y,%w,%h E:\examples\0_PC\B70_M_weapon\out\atk_n\正侧\00001.png
+241,+181,84,110
F:/programs/ImageMagick/mogrify.exe -trim E:\examples\0_PC\B70_M_weapon\out\atk_n\正侧\00002.png
F:/programs/ImageMagick/identify.exe -format %X,%Y,%w,%h E:\examples\0_PC\B70_M_weapon\out\atk_n\正侧\00002.png
+226,+205,111,57
F:/programs/ImageMagick/mogrify.exe -trim E:\examples\0_PC\B70_M_weapon\out\atk_n\正侧\00003.png
F:/programs/ImageMagick/identify.exe -format %X,%Y,%w,%h E:\examples\0_PC\B70_M_weapon\out\atk_n\正侧\00003.png
+152,+159,107,86
F:/programs/ImageMagick/mogrify.exe -trim E:\examples\0_PC\B70_M_weapon\out\atk_n\正侧\00004.png
F:/programs/ImageMagick/identify.exe -format %X,%Y,%w,%h E:\examples\0_PC\B70_M_weapon\out\atk_n\正侧\00004.png
+166,+153,70,89
F:/programs/ImageMagick/mogrify.exe -trim E:\examples\0_PC\B70_M_weapon\out\atk_n\正侧\00005.png
F:/programs/ImageMagick/identify.exe -format %X,%Y,%w,%h E:\examples\0_PC\B70_M_weapon\out\atk_n\正侧\00005.png
+202,+168,73,72
F:/programs/ImageMagick/mogrify.exe -trim E:\examples\0_PC\B70_M_weapon\out\atk_n\正面\00000.png
F:/programs/ImageMagick/identify.exe -format %X,%Y,%w,%h E:\examples\0_PC\B70_M_weapon\out\atk_n\正面\00000.png
+206,+160,40,134
F:/programs/ImageMagick/mogrify.exe -trim E:\examples\0_PC\B70_M_weapon\out\atk_n\正面\00001.png
F:/programs/ImageMagick/identify.exe -format %X,%Y,%w,%h E:\examples\0_PC\B70_M_weapon\out\atk_n\正面\00001.png
+194,+205,124,28
F:/programs/ImageMagick/mogrify.exe -trim E:\examples\0_PC\B70_M_weapon\out\atk_n\正面\00002.png
F:/programs/ImageMagick/identify.exe -format %X,%Y,%w,%h E:\examples\0_PC\B70_M_weapon\out\atk_n\正面\00002.png
+200,+184,112,66
F:/programs/ImageMagick/mogrify.exe -trim E:\examples\0_PC\B70_M_weapon\out\atk_n\正面\00003.png
F:/programs/ImageMagick/identify.exe -format %X,%Y,%w,%h E:\examples\0_PC\B70_M_weapon\out\atk_n\正面\00003.png
+215,+209,49,59
F:/programs/ImageMagick/mogrify.exe -trim E:\examples\0_PC\B70_M_weapon\out\atk_n\正面\00004.png
F:/programs/ImageMagick/identify.exe -format %X,%Y,%w,%h E:\examples\0_PC\B70_M_weapon\out\atk_n\正面\00004.png
+213,+199,51,83
F:/programs/ImageMagick/mogrify.exe -trim E:\examples\0_PC\B70_M_weapon\out\atk_n\正面\00005.png
F:/programs/ImageMagick/identify.exe -format %X,%Y,%w,%h E:\examples\0_PC\B70_M_weapon\out\atk_n\正面\00005.png
+177,+199,92,72
F:/programs/ImageMagick/mogrify.exe -trim E:\examples\0_PC\B70_M_weapon\out\atk_n\背侧\00000.png
F:/programs/ImageMagick/identify.exe -format %X,%Y,%w,%h E:\examples\0_PC\B70_M_weapon\out\atk_n\背侧\00000.png
+269,+167,42,127
F:/programs/ImageMagick/mogrify.exe -trim E:\examples\0_PC\B70_M_weapon\out\atk_n\背侧\00001.png
F:/programs/ImageMagick/identify.exe -format %X,%Y,%w,%h E:\examples\0_PC\B70_M_weapon\out\atk_n\背侧\00001.png
+253,+185,56,119
F:/programs/ImageMagick/mogrify.exe -trim E:\examples\0_PC\B70_M_weapon\out\atk_n\背侧\00002.png
F:/programs/ImageMagick/identify.exe -format %X,%Y,%w,%h E:\examples\0_PC\B70_M_weapon\out\atk_n\背侧\00002.png
+261,+205,33,75
F:/programs/ImageMagick/mogrify.exe -trim E:\examples\0_PC\B70_M_weapon\out\atk_n\背侧\00003.png
F:/programs/ImageMagick/identify.exe -format %X,%Y,%w,%h E:\examples\0_PC\B70_M_weapon\out\atk_n\背侧\00003.png
+181,+130,102,122
F:/programs/ImageMagick/mogrify.exe -trim E:\examples\0_PC\B70_M_weapon\out\atk_n\背侧\00004.png
F:/programs/ImageMagick/identify.exe -format %X,%Y,%w,%h E:\examples\0_PC\B70_M_weapon\out\atk_n\背侧\00004.png
+190,+128,87,126
F:/programs/ImageMagick/mogrify.exe -trim E:\examples\0_PC\B70_M_weapon\out\atk_n\背侧\00005.png
F:/programs/ImageMagick/identify.exe -format %X,%Y,%w,%h E:\examples\0_PC\B70_M_weapon\out\atk_n\背侧\00005.png
+215,+154,107,99
F:/programs/ImageMagick/mogrify.exe -trim E:\examples\0_PC\B70_M_weapon\out\atk_n\背面\00000.png
F:/programs/ImageMagick/identify.exe -format %X,%Y,%w,%h E:\examples\0_PC\B70_M_weapon\out\atk_n\背面\00000.png
+266,+178,40,126
F:/programs/ImageMagick/mogrify.exe -trim E:\examples\0_PC\B70_M_weapon\out\atk_n\背面\00001.png
F:/programs/ImageMagick/identify.exe -format %X,%Y,%w,%h E:\examples\0_PC\B70_M_weapon\out\atk_n\背面\00001.png
+194,+200,124,93
F:/programs/ImageMagick/mogrify.exe -trim E:\examples\0_PC\B70_M_weapon\out\atk_n\背面\00002.png
F:/programs/ImageMagick/identify.exe -format %X,%Y,%w,%h E:\examples\0_PC\B70_M_weapon\out\atk_n\背面\00002.png
+200,+213,112,60
F:/programs/ImageMagick/mogrify.exe -trim E:\examples\0_PC\B70_M_weapon\out\atk_n\背面\00003.png
F:/programs/ImageMagick/identify.exe -format %X,%Y,%w,%h E:\examples\0_PC\B70_M_weapon\out\atk_n\背面\00003.png
+248,+122,49,139
F:/programs/ImageMagick/mogrify.exe -trim E:\examples\0_PC\B70_M_weapon\out\atk_n\背面\00004.png
F:/programs/ImageMagick/identify.exe -format %X,%Y,%w,%h E:\examples\0_PC\B70_M_weapon\out\atk_n\背面\00004.png
+248,+123,51,141
F:/programs/ImageMagick/mogrify.exe -trim E:\examples\0_PC\B70_M_weapon\out\atk_n\背面\00005.png
F:/programs/ImageMagick/identify.exe -format %X,%Y,%w,%h E:\examples\0_PC\B70_M_weapon\out\atk_n\背面\00005.png
+243,+150,92,128
F:/programs/ImageMagick/mogrify.exe -trim E:\examples\0_PC\B70_M_weapon\out\be_atk\45\00000.png
F:/programs/ImageMagick/identify.exe -format %X,%Y,%w,%h E:\examples\0_PC\B70_M_weapon\out\be_atk\45\00000.png
+237,+151,20,135
F:/programs/ImageMagick/mogrify.exe -trim E:\examples\0_PC\B70_M_weapon\out\be_atk\45\00001.png
F:/programs/ImageMagick/identify.exe -format %X,%Y,%w,%h E:\examples\0_PC\B70_M_weapon\out\be_atk\45\00001.png
+212,+156,38,130
F:/programs/ImageMagick/mogrify.exe -trim E:\examples\0_PC\B70_M_weapon\out\be_atk\45\00002.png
F:/programs/ImageMagick/identify.exe -format %X,%Y,%w,%h E:\examples\0_PC\B70_M_weapon\out\be_atk\45\00002.png
+226,+140,43,140
F:/programs/ImageMagick/mogrify.exe -trim E:\examples\0_PC\B70_M_weapon\out\be_atk\45\00003.png
F:/programs/ImageMagick/identify.exe -format %X,%Y,%w,%h E:\examples\0_PC\B70_M_weapon\out\be_atk\45\00003.png
+232,+143,32,139
F:/programs/ImageMagick/mogrify.exe -trim E:\examples\0_PC\B70_M_weapon\out\be_atk\正侧\00000.png
F:/programs/ImageMagick/identify.exe -format %X,%Y,%w,%h E:\examples\0_PC\B70_M_weapon\out\be_atk\正侧\00000.png
+262,+153,27,105
F:/programs/ImageMagick/mogrify.exe -trim E:\examples\0_PC\B70_M_weapon\out\be_atk\正侧\00001.png
F:/programs/ImageMagick/identify.exe -format %X,%Y,%w,%h E:\examples\0_PC\B70_M_weapon\out\be_atk\正侧\00001.png
+246,+153,27,131
F:/programs/ImageMagick/mogrify.exe -trim E:\examples\0_PC\B70_M_weapon\out\be_atk\正侧\00002.png
F:/programs/ImageMagick/identify.exe -format %X,%Y,%w,%h E:\examples\0_PC\B70_M_weapon\out\be_atk\正侧\00002.png
+272,+153,48,51
F:/programs/ImageMagick/mogrify.exe -trim E:\examples\0_PC\B70_M_weapon\out\be_atk\正侧\00003.png
F:/programs/ImageMagick/identify.exe -format %X,%Y,%w,%h E:\examples\0_PC\B70_M_weapon\out\be_atk\正侧\00003.png
+269,+153,42,101
F:/programs/ImageMagick/mogrify.exe -trim E:\examples\0_PC\B70_M_weapon\out\be_atk\正面\00000.png
F:/programs/ImageMagick/identify.exe -format %X,%Y,%w,%h E:\examples\0_PC\B70_M_weapon\out\be_atk\正面\00000.png
+206,+160,40,134
F:/programs/ImageMagick/mogrify.exe -trim E:\examples\0_PC\B70_M_weapon\out\be_atk\正面\00001.png
F:/programs/ImageMagick/identify.exe -format %X,%Y,%w,%h E:\examples\0_PC\B70_M_weapon\out\be_atk\正面\00001.png
+197,+168,49,128
F:/programs/ImageMagick/mogrify.exe -trim E:\examples\0_PC\B70_M_weapon\out\be_atk\正面\00002.png
F:/programs/ImageMagick/identify.exe -format %X,%Y,%w,%h E:\examples\0_PC\B70_M_weapon\out\be_atk\正面\00002.png
+195,+148,40,142
F:/programs/ImageMagick/mogrify.exe -trim E:\examples\0_PC\B70_M_weapon\out\be_atk\正面\00003.png
F:/programs/ImageMagick/identify.exe -format %X,%Y,%w,%h E:\examples\0_PC\B70_M_weapon\out\be_atk\正面\00003.png
+202,+152,37,140
F:/programs/ImageMagick/mogrify.exe -trim E:\examples\0_PC\B70_M_weapon\out\be_atk\背侧\00000.png
F:/programs/ImageMagick/identify.exe -format %X,%Y,%w,%h E:\examples\0_PC\B70_M_weapon\out\be_atk\背侧\00000.png
+269,+167,42,127
F:/programs/ImageMagick/mogrify.exe -trim E:\examples\0_PC\B70_M_weapon\out\be_atk\背侧\00001.png
F:/programs/ImageMagick/identify.exe -format %X,%Y,%w,%h E:\examples\0_PC\B70_M_weapon\out\be_atk\背侧\00001.png
+263,+161,40,131
F:/programs/ImageMagick/mogrify.exe -trim E:\examples\0_PC\B70_M_weapon\out\be_atk\背侧\00002.png
F:/programs/ImageMagick/identify.exe -format %X,%Y,%w,%h E:\examples\0_PC\B70_M_weapon\out\be_atk\背侧\00002.png
+276,+175,60,110
F:/programs/ImageMagick/mogrify.exe -trim E:\examples\0_PC\B70_M_weapon\out\be_atk\背侧\00003.png
F:/programs/ImageMagick/identify.exe -format %X,%Y,%w,%h E:\examples\0_PC\B70_M_weapon\out\be_atk\背侧\00003.png
+276,+173,51,117
F:/programs/ImageMagick/mogrify.exe -trim E:\examples\0_PC\B70_M_weapon\out\be_atk\背面\00000.png
F:/programs/ImageMagick/identify.exe -format %X,%Y,%w,%h E:\examples\0_PC\B70_M_weapon\out\be_atk\背面\00000.png
+266,+178,40,126
F:/programs/ImageMagick/mogrify.exe -trim E:\examples\0_PC\B70_M_weapon\out\be_atk\背面\00001.png
F:/programs/ImageMagick/identify.exe -format %X,%Y,%w,%h E:\examples\0_PC\B70_M_weapon\out\be_atk\背面\00001.png
+267,+173,48,131
F:/programs/ImageMagick/mogrify.exe -trim E:\examples\0_PC\B70_M_weapon\out\be_atk\背面\00002.png
F:/programs/ImageMagick/identify.exe -format %X,%Y,%w,%h E:\examples\0_PC\B70_M_weapon\out\be_atk\背面\00002.png
+277,+193,40,103
F:/programs/ImageMagick/mogrify.exe -trim E:\examples\0_PC\B70_M_weapon\out\be_atk\背面\00003.png
F:/programs/ImageMagick/identify.exe -format %X,%Y,%w,%h E:\examples\0_PC\B70_M_weapon\out\be_atk\背面\00003.png
+273,+187,37,114
F:/programs/ImageMagick/mogrify.exe -trim E:\examples\0_PC\B70_M_weapon\out\dead\45\00000.png
F:/programs/ImageMagick/identify.exe -format %X,%Y,%w,%h E:\examples\0_PC\B70_M_weapon\out\dead\45\00000.png
+237,+151,20,135
F:/programs/ImageMagick/mogrify.exe -trim E:\examples\0_PC\B70_M_weapon\out\dead\45\00001.png
F:/programs/ImageMagick/identify.exe -format %X,%Y,%w,%h E:\examples\0_PC\B70_M_weapon\out\dead\45\00001.png
+232,+143,63,97
F:/programs/ImageMagick/mogrify.exe -trim E:\examples\0_PC\B70_M_weapon\out\dead\45\00002.png
F:/programs/ImageMagick/identify.exe -format %X,%Y,%w,%h E:\examples\0_PC\B70_M_weapon\out\dead\45\00002.png
+217,+131,85,130
F:/programs/ImageMagick/mogrify.exe -trim E:\examples\0_PC\B70_M_weapon\out\dead\45\00003.png
F:/programs/ImageMagick/identify.exe -format %X,%Y,%w,%h E:\examples\0_PC\B70_M_weapon\out\dead\45\00003.png
+181,+151,103,94
F:/programs/ImageMagick/mogrify.exe -trim E:\examples\0_PC\B70_M_weapon\out\dead\45\00004.png
F:/programs/ImageMagick/identify.exe -format %X,%Y,%w,%h E:\examples\0_PC\B70_M_weapon\out\dead\45\00004.png
+149,+277,54,50
F:/programs/ImageMagick/mogrify.exe -trim E:\examples\0_PC\B70_M_weapon\out\dead\45\00005.png
F:/programs/ImageMagick/identify.exe -format %X,%Y,%w,%h E:\examples\0_PC\B70_M_weapon\out\dead\45\00005.png
+130,+262,97,75
F:/programs/ImageMagick/mogrify.exe -trim E:\examples\0_PC\B70_M_weapon\out\dead\45\00006.png
F:/programs/ImageMagick/identify.exe -format %X,%Y,%w,%h E:\examples\0_PC\B70_M_weapon\out\dead\45\00006.png
+130,+262,97,75
F:/programs/ImageMagick/mogrify.exe -trim E:\examples\0_PC\B70_M_weapon\out\dead\45\00007.png
F:/programs/ImageMagick/identify.exe -format %X,%Y,%w,%h E:\examples\0_PC\B70_M_weapon\out\dead\45\00007.png
+130,+262,97,75
F:/programs/ImageMagick/mogrify.exe -trim E:\examples\0_PC\B70_M_weapon\out\dead\45\00008.png
F:/programs/ImageMagick/identify.exe -format %X,%Y,%w,%h E:\examples\0_PC\B70_M_weapon\out\dead\45\00008.png
+130,+262,97,75
F:/programs/ImageMagick/mogrify.exe -trim E:\examples\0_PC\B70_M_weapon\out\dead\正侧\00000.png
F:/programs/ImageMagick/identify.exe -format %X,%Y,%w,%h E:\examples\0_PC\B70_M_weapon\out\dead\正侧\00000.png
+262,+153,27,105
F:/programs/ImageMagick/mogrify.exe -trim E:\examples\0_PC\B70_M_weapon\out\dead\正侧\00001.png
F:/programs/ImageMagick/identify.exe -format %X,%Y,%w,%h E:\examples\0_PC\B70_M_weapon\out\dead\正侧\00001.png
+257,+144,83,121
F:/programs/ImageMagick/mogrify.exe -trim E:\examples\0_PC\B70_M_weapon\out\dead\正侧\00002.png
F:/programs/ImageMagick/identify.exe -format %X,%Y,%w,%h E:\examples\0_PC\B70_M_weapon\out\dead\正侧\00002.png
+268,+136,43,142
F:/programs/ImageMagick/mogrify.exe -trim E:\examples\0_PC\B70_M_weapon\out\dead\正侧\00003.png
F:/programs/ImageMagick/identify.exe -format %X,%Y,%w,%h E:\examples\0_PC\B70_M_weapon\out\dead\正侧\00003.png
+232,+161,62,67
F:/programs/ImageMagick/mogrify.exe -trim E:\examples\0_PC\B70_M_weapon\out\dead\正侧\00004.png
F:/programs/ImageMagick/identify.exe -format %X,%Y,%w,%h E:\examples\0_PC\B70_M_weapon\out\dead\正侧\00004.png
+126,+242,118,47
F:/programs/ImageMagick/mogrify.exe -trim E:\examples\0_PC\B70_M_weapon\out\dead\正侧\00005.png
F:/programs/ImageMagick/identify.exe -format %X,%Y,%w,%h E:\examples\0_PC\B70_M_weapon\out\dead\正侧\00005.png
+119,+249,142,43
F:/programs/ImageMagick/mogrify.exe -trim E:\examples\0_PC\B70_M_weapon\out\dead\正侧\00006.png
F:/programs/ImageMagick/identify.exe -format %X,%Y,%w,%h E:\examples\0_PC\B70_M_weapon\out\dead\正侧\00006.png
+119,+255,142,37
F:/programs/ImageMagick/mogrify.exe -trim E:\examples\0_PC\B70_M_weapon\out\dead\正侧\00007.png
F:/programs/ImageMagick/identify.exe -format %X,%Y,%w,%h E:\examples\0_PC\B70_M_weapon\out\dead\正侧\00007.png
+119,+255,142,37
F:/programs/ImageMagick/mogrify.exe -trim E:\examples\0_PC\B70_M_weapon\out\dead\正侧\00008.png
F:/programs/ImageMagick/identify.exe -format %X,%Y,%w,%h E:\examples\0_PC\B70_M_weapon\out\dead\正侧\00008.png
+119,+255,142,37
F:/programs/ImageMagick/mogrify.exe -trim E:\examples\0_PC\B70_M_weapon\out\dead\正面\00000.png
F:/programs/ImageMagick/identify.exe -format %X,%Y,%w,%h E:\examples\0_PC\B70_M_weapon\out\dead\正面\00000.png
+206,+160,40,134
F:/programs/ImageMagick/mogrify.exe -trim E:\examples\0_PC\B70_M_weapon\out\dead\正面\00001.png
F:/programs/ImageMagick/identify.exe -format %X,%Y,%w,%h E:\examples\0_PC\B70_M_weapon\out\dead\正面\00001.png
+200,+154,34,92
F:/programs/ImageMagick/mogrify.exe -trim E:\examples\0_PC\B70_M_weapon\out\dead\正面\00002.png
F:/programs/ImageMagick/identify.exe -format %X,%Y,%w,%h E:\examples\0_PC\B70_M_weapon\out\dead\正面\00002.png
+181,+150,64,79
F:/programs/ImageMagick/mogrify.exe -trim E:\examples\0_PC\B70_M_weapon\out\dead\正面\00003.png
F:/programs/ImageMagick/identify.exe -format %X,%Y,%w,%h E:\examples\0_PC\B70_M_weapon\out\dead\正面\00003.png
+170,+150,100,123
F:/programs/ImageMagick/mogrify.exe -trim E:\examples\0_PC\B70_M_weapon\out\dead\正面\00004.png
F:/programs/ImageMagick/identify.exe -format %X,%Y,%w,%h E:\examples\0_PC\B70_M_weapon\out\dead\正面\00004.png
+177,+302,83,42
F:/programs/ImageMagick/mogrify.exe -trim E:\examples\0_PC\B70_M_weapon\out\dead\正面\00005.png
F:/programs/ImageMagick/identify.exe -format %X,%Y,%w,%h E:\examples\0_PC\B70_M_weapon\out\dead\正面\00005.png
+193,+279,52,83
F:/programs/ImageMagick/mogrify.exe -trim E:\examples\0_PC\B70_M_weapon\out\dead\正面\00006.png
F:/programs/ImageMagick/identify.exe -format %X,%Y,%w,%h E:\examples\0_PC\B70_M_weapon\out\dead\正面\00006.png
+192,+279,53,83
F:/programs/ImageMagick/mogrify.exe -trim E:\examples\0_PC\B70_M_weapon\out\dead\正面\00007.png
F:/programs/ImageMagick/identify.exe -format %X,%Y,%w,%h E:\examples\0_PC\B70_M_weapon\out\dead\正面\00007.png
+192,+279,53,83
F:/programs/ImageMagick/mogrify.exe -trim E:\examples\0_PC\B70_M_weapon\out\dead\正面\00008.png
F:/programs/ImageMagick/identify.exe -format %X,%Y,%w,%h E:\examples\0_PC\B70_M_weapon\out\dead\正面\00008.png
+192,+279,53,83
F:/programs/ImageMagick/mogrify.exe -trim E:\examples\0_PC\B70_M_weapon\out\dead\背侧\00000.png
F:/programs/ImageMagick/identify.exe -format %X,%Y,%w,%h E:\examples\0_PC\B70_M_weapon\out\dead\背侧\00000.png
+269,+167,42,127
F:/programs/ImageMagick/mogrify.exe -trim E:\examples\0_PC\B70_M_weapon\out\dead\背侧\00001.png
F:/programs/ImageMagick/identify.exe -format %X,%Y,%w,%h E:\examples\0_PC\B70_M_weapon\out\dead\背侧\00001.png
+276,+158,66,138
F:/programs/ImageMagick/mogrify.exe -trim E:\examples\0_PC\B70_M_weapon\out\dead\背侧\00002.png
F:/programs/ImageMagick/identify.exe -format %X,%Y,%w,%h E:\examples\0_PC\B70_M_weapon\out\dead\背侧\00002.png
+278,+155,63,140
F:/programs/ImageMagick/mogrify.exe -trim E:\examples\0_PC\B70_M_weapon\out\dead\背侧\00003.png
F:/programs/ImageMagick/identify.exe -format %X,%Y,%w,%h E:\examples\0_PC\B70_M_weapon\out\dead\背侧\00003.png
+258,+174,50,60
F:/programs/ImageMagick/mogrify.exe -trim E:\examples\0_PC\B70_M_weapon\out\dead\背侧\00004.png
F:/programs/ImageMagick/identify.exe -format %X,%Y,%w,%h E:\examples\0_PC\B70_M_weapon\out\dead\背侧\00004.png
+166,+209,135,79
F:/programs/ImageMagick/mogrify.exe -trim E:\examples\0_PC\B70_M_weapon\out\dead\背侧\00005.png
F:/programs/ImageMagick/identify.exe -format %X,%Y,%w,%h E:\examples\0_PC\B70_M_weapon\out\dead\背侧\00005.png
+174,+224,125,54
F:/programs/ImageMagick/mogrify.exe -trim E:\examples\0_PC\B70_M_weapon\out\dead\背侧\00006.png
F:/programs/ImageMagick/identify.exe -format %X,%Y,%w,%h E:\examples\0_PC\B70_M_weapon\out\dead\背侧\00006.png
+174,+224,125,54
F:/programs/ImageMagick/mogrify.exe -trim E:\examples\0_PC\B70_M_weapon\out\dead\背侧\00007.png
F:/programs/ImageMagick/identify.exe -format %X,%Y,%w,%h E:\examples\0_PC\B70_M_weapon\out\dead\背侧\00007.png
+174,+224,125,54
F:/programs/ImageMagick/mogrify.exe -trim E:\examples\0_PC\B70_M_weapon\out\dead\背侧\00008.png
F:/programs/ImageMagick/identify.exe -format %X,%Y,%w,%h E:\examples\0_PC\B70_M_weapon\out\dead\背侧\00008.png
+174,+224,125,54
F:/programs/ImageMagick/mogrify.exe -trim E:\examples\0_PC\B70_M_weapon\out\dead\背面\00000.png
F:/programs/ImageMagick/identify.exe -format %X,%Y,%w,%h E:\examples\0_PC\B70_M_weapon\out\dead\背面\00000.png
+266,+178,40,126
F:/programs/ImageMagick/mogrify.exe -trim E:\examples\0_PC\B70_M_weapon\out\dead\背面\00001.png
F:/programs/ImageMagick/identify.exe -format %X,%Y,%w,%h E:\examples\0_PC\B70_M_weapon\out\dead\背面\00001.png
+278,+174,34,144
F:/programs/ImageMagick/mogrify.exe -trim E:\examples\0_PC\B70_M_weapon\out\dead\背面\00002.png
F:/programs/ImageMagick/identify.exe -format %X,%Y,%w,%h E:\examples\0_PC\B70_M_weapon\out\dead\背面\00002.png
+242,+181,88,120
F:/programs/ImageMagick/mogrify.exe -trim E:\examples\0_PC\B70_M_weapon\out\dead\背面\00003.png
F:/programs/ImageMagick/identify.exe -format %X,%Y,%w,%h E:\examples\0_PC\B70_M_weapon\out\dead\背面\00003.png
+242,+182,100,78
F:/programs/ImageMagick/mogrify.exe -trim E:\examples\0_PC\B70_M_weapon\out\dead\背面\00004.png
F:/programs/ImageMagick/identify.exe -format %X,%Y,%w,%h E:\examples\0_PC\B70_M_weapon\out\dead\背面\00004.png
+252,+199,83,111
F:/programs/ImageMagick/mogrify.exe -trim E:\examples\0_PC\B70_M_weapon\out\dead\背面\00005.png
F:/programs/ImageMagick/identify.exe -format %X,%Y,%w,%h E:\examples\0_PC\B70_M_weapon\out\dead\背面\00005.png
+269,+220,47,77
F:/programs/ImageMagick/mogrify.exe -trim E:\examples\0_PC\B70_M_weapon\out\dead\背面\00006.png
F:/programs/ImageMagick/identify.exe -format %X,%Y,%w,%h E:\examples\0_PC\B70_M_weapon\out\dead\背面\00006.png
+267,+220,53,77
F:/programs/ImageMagick/mogrify.exe -trim E:\examples\0_PC\B70_M_weapon\out\dead\背面\00007.png
F:/programs/ImageMagick/identify.exe -format %X,%Y,%w,%h E:\examples\0_PC\B70_M_weapon\out\dead\背面\00007.png
+267,+220,53,75
F:/programs/ImageMagick/mogrify.exe -trim E:\examples\0_PC\B70_M_weapon\out\dead\背面\00008.png
F:/programs/ImageMagick/identify.exe -format %X,%Y,%w,%h E:\examples\0_PC\B70_M_weapon\out\dead\背面\00008.png
+267,+220,53,75
F:/programs/ImageMagick/mogrify.exe -trim E:\examples\0_PC\B70_M_weapon\out\run\45\00000.png
F:/programs/ImageMagick/identify.exe -format %X,%Y,%w,%h E:\examples\0_PC\B70_M_weapon\out\run\45\00000.png
+184,+192,63,73
F:/programs/ImageMagick/mogrify.exe -trim E:\examples\0_PC\B70_M_weapon\out\run\45\00001.png
F:/programs/ImageMagick/identify.exe -format %X,%Y,%w,%h E:\examples\0_PC\B70_M_weapon\out\run\45\00001.png
+183,+199,57,47
F:/programs/ImageMagick/mogrify.exe -trim E:\examples\0_PC\B70_M_weapon\out\run\45\00002.png
F:/programs/ImageMagick/identify.exe -format %X,%Y,%w,%h E:\examples\0_PC\B70_M_weapon\out\run\45\00002.png
+183,+202,94,54
F:/programs/ImageMagick/mogrify.exe -trim E:\examples\0_PC\B70_M_weapon\out\run\45\00003.png
F:/programs/ImageMagick/identify.exe -format %X,%Y,%w,%h E:\examples\0_PC\B70_M_weapon\out\run\45\00003.png
+184,+200,100,55
F:/programs/ImageMagick/mogrify.exe -trim E:\examples\0_PC\B70_M_weapon\out\run\45\00004.png
F:/programs/ImageMagick/identify.exe -format %X,%Y,%w,%h E:\examples\0_PC\B70_M_weapon\out\run\45\00004.png
+185,+203,102,54
F:/programs/ImageMagick/mogrify.exe -trim E:\examples\0_PC\B70_M_weapon\out\run\45\00005.png
F:/programs/ImageMagick/identify.exe -format %X,%Y,%w,%h E:\examples\0_PC\B70_M_weapon\out\run\45\00005.png
+184,+208,100,49
F:/programs/ImageMagick/mogrify.exe -trim E:\examples\0_PC\B70_M_weapon\out\run\45\00006.png
F:/programs/ImageMagick/identify.exe -format %X,%Y,%w,%h E:\examples\0_PC\B70_M_weapon\out\run\45\00006.png
+183,+204,91,51
F:/programs/ImageMagick/mogrify.exe -trim E:\examples\0_PC\B70_M_weapon\out\run\45\00007.png
F:/programs/ImageMagick/identify.exe -format %X,%Y,%w,%h E:\examples\0_PC\B70_M_weapon\out\run\45\00007.png
+183,+196,64,56
F:/programs/ImageMagick/mogrify.exe -trim E:\examples\0_PC\B70_M_weapon\out\run\正侧\00000.png
F:/programs/ImageMagick/identify.exe -format %X,%Y,%w,%h E:\examples\0_PC\B70_M_weapon\out\run\正侧\00000.png
+195,+166,87,118
F:/programs/ImageMagick/mogrify.exe -trim E:\examples\0_PC\B70_M_weapon\out\run\正侧\00001.png
F:/programs/ImageMagick/identify.exe -format %X,%Y,%w,%h E:\examples\0_PC\B70_M_weapon\out\run\正侧\00001.png
+193,+173,99,110
F:/programs/ImageMagick/mogrify.exe -trim E:\examples\0_PC\B70_M_weapon\out\run\正侧\00002.png
F:/programs/ImageMagick/identify.exe -format %X,%Y,%w,%h E:\examples\0_PC\B70_M_weapon\out\run\正侧\00002.png
+192,+177,111,100
F:/programs/ImageMagick/mogrify.exe -trim E:\examples\0_PC\B70_M_weapon\out\run\正侧\00003.png
F:/programs/ImageMagick/identify.exe -format %X,%Y,%w,%h E:\examples\0_PC\B70_M_weapon\out\run\正侧\00003.png
+192,+181,120,91
F:/programs/ImageMagick/mogrify.exe -trim E:\examples\0_PC\B70_M_weapon\out\run\正侧\00004.png
F:/programs/ImageMagick/identify.exe -format %X,%Y,%w,%h E:\examples\0_PC\B70_M_weapon\out\run\正侧\00004.png
+193,+185,122,87
F:/programs/ImageMagick/mogrify.exe -trim E:\examples\0_PC\B70_M_weapon\out\run\正侧\00005.png
F:/programs/ImageMagick/identify.exe -format %X,%Y,%w,%h E:\examples\0_PC\B70_M_weapon\out\run\正侧\00005.png
+193,+184,119,91
F:/programs/ImageMagick/mogrify.exe -trim E:\examples\0_PC\B70_M_weapon\out\run\正侧\00006.png
F:/programs/ImageMagick/identify.exe -format %X,%Y,%w,%h E:\examples\0_PC\B70_M_weapon\out\run\正侧\00006.png
+192,+177,111,100
F:/programs/ImageMagick/mogrify.exe -trim E:\examples\0_PC\B70_M_weapon\out\run\正侧\00007.png
F:/programs/ImageMagick/identify.exe -format %X,%Y,%w,%h E:\examples\0_PC\B70_M_weapon\out\run\正侧\00007.png
+193,+170,99,110
F:/programs/ImageMagick/mogrify.exe -trim E:\examples\0_PC\B70_M_weapon\out\run\正面\00000.png
F:/programs/ImageMagick/identify.exe -format %X,%Y,%w,%h E:\examples\0_PC\B70_M_weapon\out\run\正面\00000.png
+208,+206,43,79
F:/programs/ImageMagick/mogrify.exe -trim E:\examples\0_PC\B70_M_weapon\out\run\正面\00001.png
F:/programs/ImageMagick/identify.exe -format %X,%Y,%w,%h E:\examples\0_PC\B70_M_weapon\out\run\正面\00001.png
+208,+213,42,66
F:/programs/ImageMagick/mogrify.exe -trim E:\examples\0_PC\B70_M_weapon\out\run\正面\00002.png
F:/programs/ImageMagick/identify.exe -format %X,%Y,%w,%h E:\examples\0_PC\B70_M_weapon\out\run\正面\00002.png
+208,+217,43,50
F:/programs/ImageMagick/mogrify.exe -trim E:\examples\0_PC\B70_M_weapon\out\run\正面\00003.png
F:/programs/ImageMagick/identify.exe -format %X,%Y,%w,%h E:\examples\0_PC\B70_M_weapon\out\run\正面\00003.png
+209,+215,42,41
F:/programs/ImageMagick/mogrify.exe -trim E:\examples\0_PC\B70_M_weapon\out\run\正面\00004.png
F:/programs/ImageMagick/identify.exe -format %X,%Y,%w,%h E:\examples\0_PC\B70_M_weapon\out\run\正面\00004.png
+210,+218,42,35
F:/programs/ImageMagick/mogrify.exe -trim E:\examples\0_PC\B70_M_weapon\out\run\正面\00005.png
F:/programs/ImageMagick/identify.exe -format %X,%Y,%w,%h E:\examples\0_PC\B70_M_weapon\out\run\正面\00005.png
+209,+222,42,37
F:/programs/ImageMagick/mogrify.exe -trim E:\examples\0_PC\B70_M_weapon\out\run\正面\00006.png
F:/programs/ImageMagick/identify.exe -format %X,%Y,%w,%h E:\examples\0_PC\B70_M_weapon\out\run\正面\00006.png
+209,+217,42,50
F:/programs/ImageMagick/mogrify.exe -trim E:\examples\0_PC\B70_M_weapon\out\run\正面\00007.png
F:/programs/ImageMagick/identify.exe -format %X,%Y,%w,%h E:\examples\0_PC\B70_M_weapon\out\run\正面\00007.png
+209,+210,42,66
F:/programs/ImageMagick/mogrify.exe -trim E:\examples\0_PC\B70_M_weapon\out\run\背侧\00000.png
F:/programs/ImageMagick/identify.exe -format %X,%Y,%w,%h E:\examples\0_PC\B70_M_weapon\out\run\背侧\00000.png
+227,+153,63,138
F:/programs/ImageMagick/mogrify.exe -trim E:\examples\0_PC\B70_M_weapon\out\run\背侧\00001.png
F:/programs/ImageMagick/identify.exe -format %X,%Y,%w,%h E:\examples\0_PC\B70_M_weapon\out\run\背侧\00001.png
+226,+158,71,136
F:/programs/ImageMagick/mogrify.exe -trim E:\examples\0_PC\B70_M_weapon\out\run\背侧\00002.png
F:/programs/ImageMagick/identify.exe -format %X,%Y,%w,%h E:\examples\0_PC\B70_M_weapon\out\run\背侧\00002.png
+225,+162,80,130
F:/programs/ImageMagick/mogrify.exe -trim E:\examples\0_PC\B70_M_weapon\out\run\背侧\00003.png
F:/programs/ImageMagick/identify.exe -format %X,%Y,%w,%h E:\examples\0_PC\B70_M_weapon\out\run\背侧\00003.png
+224,+166,87,125
F:/programs/ImageMagick/mogrify.exe -trim E:\examples\0_PC\B70_M_weapon\out\run\背侧\00004.png
F:/programs/ImageMagick/identify.exe -format %X,%Y,%w,%h E:\examples\0_PC\B70_M_weapon\out\run\背侧\00004.png
+224,+170,89,122
F:/programs/ImageMagick/mogrify.exe -trim E:\examples\0_PC\B70_M_weapon\out\run\背侧\00005.png
F:/programs/ImageMagick/identify.exe -format %X,%Y,%w,%h E:\examples\0_PC\B70_M_weapon\out\run\背侧\00005.png
+224,+169,86,125
F:/programs/ImageMagick/mogrify.exe -trim E:\examples\0_PC\B70_M_weapon\out\run\背侧\00006.png
F:/programs/ImageMagick/identify.exe -format %X,%Y,%w,%h E:\examples\0_PC\B70_M_weapon\out\run\背侧\00006.png
+224,+162,80,130
F:/programs/ImageMagick/mogrify.exe -trim E:\examples\0_PC\B70_M_weapon\out\run\背侧\00007.png
F:/programs/ImageMagick/identify.exe -format %X,%Y,%w,%h E:\examples\0_PC\B70_M_weapon\out\run\背侧\00007.png
+225,+155,72,134
F:/programs/ImageMagick/mogrify.exe -trim E:\examples\0_PC\B70_M_weapon\out\run\背面\00000.png
F:/programs/ImageMagick/identify.exe -format %X,%Y,%w,%h E:\examples\0_PC\B70_M_weapon\out\run\背面\00000.png
+262,+156,41,143
F:/programs/ImageMagick/mogrify.exe -trim E:\examples\0_PC\B70_M_weapon\out\run\背面\00001.png
F:/programs/ImageMagick/identify.exe -format %X,%Y,%w,%h E:\examples\0_PC\B70_M_weapon\out\run\背面\00001.png
+262,+161,41,142
F:/programs/ImageMagick/mogrify.exe -trim E:\examples\0_PC\B70_M_weapon\out\run\背面\00002.png
F:/programs/ImageMagick/identify.exe -format %X,%Y,%w,%h E:\examples\0_PC\B70_M_weapon\out\run\背面\00002.png
+262,+163,42,140
F:/programs/ImageMagick/mogrify.exe -trim E:\examples\0_PC\B70_M_weapon\out\run\背面\00003.png
F:/programs/ImageMagick/identify.exe -format %X,%Y,%w,%h E:\examples\0_PC\B70_M_weapon\out\run\背面\00003.png
+263,+167,40,136
F:/programs/ImageMagick/mogrify.exe -trim E:\examples\0_PC\B70_M_weapon\out\run\背面\00004.png
F:/programs/ImageMagick/identify.exe -format %X,%Y,%w,%h E:\examples\0_PC\B70_M_weapon\out\run\背面\00004.png
+262,+170,40,134
F:/programs/ImageMagick/mogrify.exe -trim E:\examples\0_PC\B70_M_weapon\out\run\背面\00005.png
F:/programs/ImageMagick/identify.exe -format %X,%Y,%w,%h E:\examples\0_PC\B70_M_weapon\out\run\背面\00005.png
+263,+169,39,137
F:/programs/ImageMagick/mogrify.exe -trim E:\examples\0_PC\B70_M_weapon\out\run\背面\00006.png
F:/programs/ImageMagick/identify.exe -format %X,%Y,%w,%h E:\examples\0_PC\B70_M_weapon\out\run\背面\00006.png
+261,+163,42,140
F:/programs/ImageMagick/mogrify.exe -trim E:\examples\0_PC\B70_M_weapon\out\run\背面\00007.png
F:/programs/ImageMagick/identify.exe -format %X,%Y,%w,%h E:\examples\0_PC\B70_M_weapon\out\run\背面\00007.png
+262,+158,41,142
F:/programs/ImageMagick/mogrify.exe -trim E:\examples\0_PC\B70_M_weapon\out\static\45\00000.png
F:/programs/ImageMagick/identify.exe -format %X,%Y,%w,%h E:\examples\0_PC\B70_M_weapon\out\static\45\00000.png
+204,+168,40,129
F:/programs/ImageMagick/mogrify.exe -trim E:\examples\0_PC\B70_M_weapon\out\static\45\00001.png
F:/programs/ImageMagick/identify.exe -format %X,%Y,%w,%h E:\examples\0_PC\B70_M_weapon\out\static\45\00001.png
+204,+168,39,129
F:/programs/ImageMagick/mogrify.exe -trim E:\examples\0_PC\B70_M_weapon\out\static\45\00002.png
F:/programs/ImageMagick/identify.exe -format %X,%Y,%w,%h E:\examples\0_PC\B70_M_weapon\out\static\45\00002.png
+204,+168,39,129
F:/programs/ImageMagick/mogrify.exe -trim E:\examples\0_PC\B70_M_weapon\out\static\45\00003.png
F:/programs/ImageMagick/identify.exe -format %X,%Y,%w,%h E:\examples\0_PC\B70_M_weapon\out\static\45\00003.png
+204,+168,39,129
F:/programs/ImageMagick/mogrify.exe -trim E:\examples\0_PC\B70_M_weapon\out\static\正侧\00000.png
F:/programs/ImageMagick/identify.exe -format %X,%Y,%w,%h E:\examples\0_PC\B70_M_weapon\out\static\正侧\00000.png
+220,+156,34,131
F:/programs/ImageMagick/mogrify.exe -trim E:\examples\0_PC\B70_M_weapon\out\static\正侧\00001.png
F:/programs/ImageMagick/identify.exe -format %X,%Y,%w,%h E:\examples\0_PC\B70_M_weapon\out\static\正侧\00001.png
+220,+155,34,132
F:/programs/ImageMagick/mogrify.exe -trim E:\examples\0_PC\B70_M_weapon\out\static\正侧\00002.png
F:/programs/ImageMagick/identify.exe -format %X,%Y,%w,%h E:\examples\0_PC\B70_M_weapon\out\static\正侧\00002.png
+220,+155,34,132
F:/programs/ImageMagick/mogrify.exe -trim E:\examples\0_PC\B70_M_weapon\out\static\正侧\00003.png
F:/programs/ImageMagick/identify.exe -format %X,%Y,%w,%h E:\examples\0_PC\B70_M_weapon\out\static\正侧\00003.png
+220,+155,34,132
F:/programs/ImageMagick/mogrify.exe -trim E:\examples\0_PC\B70_M_weapon\out\static\正面\00000.png
F:/programs/ImageMagick/identify.exe -format %X,%Y,%w,%h E:\examples\0_PC\B70_M_weapon\out\static\正面\00000.png
+215,+177,33,130
F:/programs/ImageMagick/mogrify.exe -trim E:\examples\0_PC\B70_M_weapon\out\static\正面\00001.png
F:/programs/ImageMagick/identify.exe -format %X,%Y,%w,%h E:\examples\0_PC\B70_M_weapon\out\static\正面\00001.png
+215,+176,32,131
F:/programs/ImageMagick/mogrify.exe -trim E:\examples\0_PC\B70_M_weapon\out\static\正面\00002.png
F:/programs/ImageMagick/identify.exe -format %X,%Y,%w,%h E:\examples\0_PC\B70_M_weapon\out\static\正面\00002.png
+215,+176,32,131
F:/programs/ImageMagick/mogrify.exe -trim E:\examples\0_PC\B70_M_weapon\out\static\正面\00003.png
F:/programs/ImageMagick/identify.exe -format %X,%Y,%w,%h E:\examples\0_PC\B70_M_weapon\out\static\正面\00003.png
+215,+176,32,131
F:/programs/ImageMagick/mogrify.exe -trim E:\examples\0_PC\B70_M_weapon\out\static\背侧\00000.png
F:/programs/ImageMagick/identify.exe -format %X,%Y,%w,%h E:\examples\0_PC\B70_M_weapon\out\static\背侧\00000.png
+253,+151,13,40
F:/programs/ImageMagick/mogrify.exe -trim E:\examples\0_PC\B70_M_weapon\out\static\背侧\00001.png
F:/programs/ImageMagick/identify.exe -format %X,%Y,%w,%h E:\examples\0_PC\B70_M_weapon\out\static\背侧\00001.png
+252,+151,14,52
F:/programs/ImageMagick/mogrify.exe -trim E:\examples\0_PC\B70_M_weapon\out\static\背侧\00002.png
F:/programs/ImageMagick/identify.exe -format %X,%Y,%w,%h E:\examples\0_PC\B70_M_weapon\out\static\背侧\00002.png
+253,+151,13,52
F:/programs/ImageMagick/mogrify.exe -trim E:\examples\0_PC\B70_M_weapon\out\static\背侧\00003.png
F:/programs/ImageMagick/identify.exe -format %X,%Y,%w,%h E:\examples\0_PC\B70_M_weapon\out\static\背侧\00003.png
+253,+151,13,39
F:/programs/ImageMagick/mogrify.exe -trim E:\examples\0_PC\B70_M_weapon\out\static\背面\00000.png
F:/programs/ImageMagick/identify.exe -format %X,%Y,%w,%h E:\examples\0_PC\B70_M_weapon\out\static\背面\00000.png
+263,+158,34,131
F:/programs/ImageMagick/mogrify.exe -trim E:\examples\0_PC\B70_M_weapon\out\static\背面\00001.png
F:/programs/ImageMagick/identify.exe -format %X,%Y,%w,%h E:\examples\0_PC\B70_M_weapon\out\static\背面\00001.png
+263,+158,34,131
F:/programs/ImageMagick/mogrify.exe -trim E:\examples\0_PC\B70_M_weapon\out\static\背面\00002.png
F:/programs/ImageMagick/identify.exe -format %X,%Y,%w,%h E:\examples\0_PC\B70_M_weapon\out\static\背面\00002.png
+263,+158,34,131
F:/programs/ImageMagick/mogrify.exe -trim E:\examples\0_PC\B70_M_weapon\out\static\背面\00003.png
F:/programs/ImageMagick/identify.exe -format %X,%Y,%w,%h E:\examples\0_PC\B70_M_weapon\out\static\背面\00003.png
+263,+158,34,131
F:/programs/ImageMagick/montage.exe E:\examples\0_PC\B70_M_weapon\out\atk_1/45/00000.png E:\examples\0_PC\B70_M_weapon\out\atk_1/45/00001.png E:\examples\0_PC\B70_M_weapon\out\atk_1/45/00002.png E:\examples\0_PC\B70_M_weapon\out\atk_1/45/00003.png E:\examples\0_PC\B70_M_weapon\out\atk_1/45/00004.png E:\examples\0_PC\B70_M_weapon\out\atk_1/45/00005.png E:\examples\0_PC\B70_M_weapon\out\atk_1/45/00006.png E:\examples\0_PC\B70_M_weapon\out\atk_1/45/00007.png E:\examples\0_PC\B70_M_weapon\out\atk_1/正侧/00000.png E:\examples\0_PC\B70_M_weapon\out\atk_1/正侧/00001.png E:\examples\0_PC\B70_M_weapon\out\atk_1/正侧/00002.png E:\examples\0_PC\B70_M_weapon\out\atk_1/正侧/00003.png E:\examples\0_PC\B70_M_weapon\out\atk_1/正侧/00004.png E:\examples\0_PC\B70_M_weapon\out\atk_1/正侧/00005.png E:\examples\0_PC\B70_M_weapon\out\atk_1/正侧/00006.png E:\examples\0_PC\B70_M_weapon\out\atk_1/正侧/00007.png E:\examples\0_PC\B70_M_weapon\out\atk_1/正面/00000.png E:\examples\0_PC\B70_M_weapon\out\atk_1/正面/00001.png E:\examples\0_PC\B70_M_weapon\out\atk_1/正面/00002.png E:\examples\0_PC\B70_M_weapon\out\atk_1/正面/00003.png E:\examples\0_PC\B70_M_weapon\out\atk_1/正面/00004.png E:\examples\0_PC\B70_M_weapon\out\atk_1/正面/00005.png E:\examples\0_PC\B70_M_weapon\out\atk_1/正面/00006.png E:\examples\0_PC\B70_M_weapon\out\atk_1/正面/00007.png E:\examples\0_PC\B70_M_weapon\out\atk_1/背侧/00000.png E:\examples\0_PC\B70_M_weapon\out\atk_1/背侧/00001.png E:\examples\0_PC\B70_M_weapon\out\atk_1/背侧/00002.png E:\examples\0_PC\B70_M_weapon\out\atk_1/背侧/00003.png E:\examples\0_PC\B70_M_weapon\out\atk_1/背侧/00004.png E:\examples\0_PC\B70_M_weapon\out\atk_1/背侧/00005.png E:\examples\0_PC\B70_M_weapon\out\atk_1/背侧/00006.png E:\examples\0_PC\B70_M_weapon\out\atk_1/背侧/00007.png E:\examples\0_PC\B70_M_weapon\out\atk_1/背面/00000.png E:\examples\0_PC\B70_M_weapon\out\atk_1/背面/00001.png E:\examples\0_PC\B70_M_weapon\out\atk_1/背面/00002.png E:\examples\0_PC\B70_M_weapon\out\atk_1/背面/00003.png E:\examples\0_PC\B70_M_weapon\out\atk_1/背面/00004.png E:\examples\0_PC\B70_M_weapon\out\atk_1/背面/00005.png E:\examples\0_PC\B70_M_weapon\out\atk_1/背面/00006.png E:\examples\0_PC\B70_M_weapon\out\atk_1/背面/00007.png E:\examples\0_PC\B70_M_weapon\out\atk_2/45/00000.png E:\examples\0_PC\B70_M_weapon\out\atk_2/45/00001.png E:\examples\0_PC\B70_M_weapon\out\atk_2/45/00002.png E:\examples\0_PC\B70_M_weapon\out\atk_2/45/00003.png E:\examples\0_PC\B70_M_weapon\out\atk_2/45/00004.png E:\examples\0_PC\B70_M_weapon\out\atk_2/45/00005.png E:\examples\0_PC\B70_M_weapon\out\atk_2/45/00006.png E:\examples\0_PC\B70_M_weapon\out\atk_2/45/00007.png E:\examples\0_PC\B70_M_weapon\out\atk_2/45/00008.png E:\examples\0_PC\B70_M_weapon\out\atk_2/45/00009.png E:\examples\0_PC\B70_M_weapon\out\atk_2/正侧/00000.png E:\examples\0_PC\B70_M_weapon\out\atk_2/正侧/00001.png E:\examples\0_PC\B70_M_weapon\out\atk_2/正侧/00002.png E:\examples\0_PC\B70_M_weapon\out\atk_2/正侧/00003.png E:\examples\0_PC\B70_M_weapon\out\atk_2/正侧/00004.png E:\examples\0_PC\B70_M_weapon\out\atk_2/正侧/00005.png E:\examples\0_PC\B70_M_weapon\out\atk_2/正侧/00006.png E:\examples\0_PC\B70_M_weapon\out\atk_2/正侧/00007.png E:\examples\0_PC\B70_M_weapon\out\atk_2/正侧/00008.png E:\examples\0_PC\B70_M_weapon\out\atk_2/正侧/00009.png E:\examples\0_PC\B70_M_weapon\out\atk_2/正面/00000.png E:\examples\0_PC\B70_M_weapon\out\atk_2/正面/00001.png E:\examples\0_PC\B70_M_weapon\out\atk_2/正面/00002.png E:\examples\0_PC\B70_M_weapon\out\atk_2/正面/00003.png E:\examples\0_PC\B70_M_weapon\out\atk_2/正面/00004.png E:\examples\0_PC\B70_M_weapon\out\atk_2/正面/00005.png E:\examples\0_PC\B70_M_weapon\out\atk_2/正面/00006.png E:\examples\0_PC\B70_M_weapon\out\atk_2/正面/00007.png E:\examples\0_PC\B70_M_weapon\out\atk_2/正面/00008.png E:\examples\0_PC\B70_M_weapon\out\atk_2/正面/00009.png E:\examples\0_PC\B70_M_weapon\out\atk_2/背侧/00000.png E:\examples\0_PC\B70_M_weapon\out\atk_2/背侧/00001.png E:\examples\0_PC\B70_M_weapon\out\atk_2/背侧/00002.png E:\examples\0_PC\B70_M_weapon\out\atk_2/背侧/00003.png E:\examples\0_PC\B70_M_weapon\out\atk_2/背侧/00004.png E:\examples\0_PC\B70_M_weapon\out\atk_2/背侧/00005.png E:\examples\0_PC\B70_M_weapon\out\atk_2/背侧/00006.png E:\examples\0_PC\B70_M_weapon\out\atk_2/背侧/00007.png E:\examples\0_PC\B70_M_weapon\out\atk_2/背侧/00008.png E:\examples\0_PC\B70_M_weapon\out\atk_2/背侧/00009.png E:\examples\0_PC\B70_M_weapon\out\atk_2/背面/00000.png E:\examples\0_PC\B70_M_weapon\out\atk_2/背面/00001.png E:\examples\0_PC\B70_M_weapon\out\atk_2/背面/00002.png E:\examples\0_PC\B70_M_weapon\out\atk_2/背面/00003.png E:\examples\0_PC\B70_M_weapon\out\atk_2/背面/00004.png E:\examples\0_PC\B70_M_weapon\out\atk_2/背面/00005.png E:\examples\0_PC\B70_M_weapon\out\atk_2/背面/00006.png E:\examples\0_PC\B70_M_weapon\out\atk_2/背面/00007.png E:\examples\0_PC\B70_M_weapon\out\atk_2/背面/00008.png E:\examples\0_PC\B70_M_weapon\out\atk_2/背面/00009.png E:\examples\0_PC\B70_M_weapon\out\atk_n/45/00000.png E:\examples\0_PC\B70_M_weapon\out\atk_n/45/00001.png E:\examples\0_PC\B70_M_weapon\out\atk_n/45/00002.png E:\examples\0_PC\B70_M_weapon\out\atk_n/45/00003.png E:\examples\0_PC\B70_M_weapon\out\atk_n/45/00004.png E:\examples\0_PC\B70_M_weapon\out\atk_n/45/00005.png E:\examples\0_PC\B70_M_weapon\out\atk_n/正侧/00000.png E:\examples\0_PC\B70_M_weapon\out\atk_n/正侧/00001.png E:\examples\0_PC\B70_M_weapon\out\atk_n/正侧/00002.png E:\examples\0_PC\B70_M_weapon\out\atk_n/正侧/00003.png E:\examples\0_PC\B70_M_weapon\out\atk_n/正侧/00004.png E:\examples\0_PC\B70_M_weapon\out\atk_n/正侧/00005.png E:\examples\0_PC\B70_M_weapon\out\atk_n/正面/00000.png E:\examples\0_PC\B70_M_weapon\out\atk_n/正面/00001.png E:\examples\0_PC\B70_M_weapon\out\atk_n/正面/00002.png E:\examples\0_PC\B70_M_weapon\out\atk_n/正面/00003.png E:\examples\0_PC\B70_M_weapon\out\atk_n/正面/00004.png E:\examples\0_PC\B70_M_weapon\out\atk_n/正面/00005.png E:\examples\0_PC\B70_M_weapon\out\atk_n/背侧/00000.png E:\examples\0_PC\B70_M_weapon\out\atk_n/背侧/00001.png E:\examples\0_PC\B70_M_weapon\out\atk_n/背侧/00002.png E:\examples\0_PC\B70_M_weapon\out\atk_n/背侧/00003.png E:\examples\0_PC\B70_M_weapon\out\atk_n/背侧/00004.png E:\examples\0_PC\B70_M_weapon\out\atk_n/背侧/00005.png E:\examples\0_PC\B70_M_weapon\out\atk_n/背面/00000.png E:\examples\0_PC\B70_M_weapon\out\atk_n/背面/00001.png E:\examples\0_PC\B70_M_weapon\out\atk_n/背面/00002.png E:\examples\0_PC\B70_M_weapon\out\atk_n/背面/00003.png E:\examples\0_PC\B70_M_weapon\out\atk_n/背面/00004.png E:\examples\0_PC\B70_M_weapon\out\atk_n/背面/00005.png E:\examples\0_PC\B70_M_weapon\out\be_atk/45/00000.png E:\examples\0_PC\B70_M_weapon\out\be_atk/45/00001.png E:\examples\0_PC\B70_M_weapon\out\be_atk/45/00002.png E:\examples\0_PC\B70_M_weapon\out\be_atk/45/00003.png E:\examples\0_PC\B70_M_weapon\out\be_atk/正侧/00000.png E:\examples\0_PC\B70_M_weapon\out\be_atk/正侧/00001.png E:\examples\0_PC\B70_M_weapon\out\be_atk/正侧/00002.png E:\examples\0_PC\B70_M_weapon\out\be_atk/正侧/00003.png E:\examples\0_PC\B70_M_weapon\out\be_atk/正面/00000.png E:\examples\0_PC\B70_M_weapon\out\be_atk/正面/00001.png E:\examples\0_PC\B70_M_weapon\out\be_atk/正面/00002.png E:\examples\0_PC\B70_M_weapon\out\be_atk/正面/00003.png E:\examples\0_PC\B70_M_weapon\out\be_atk/背侧/00000.png E:\examples\0_PC\B70_M_weapon\out\be_atk/背侧/00001.png E:\examples\0_PC\B70_M_weapon\out\be_atk/背侧/00002.png E:\examples\0_PC\B70_M_weapon\out\be_atk/背侧/00003.png E:\examples\0_PC\B70_M_weapon\out\be_atk/背面/00000.png E:\examples\0_PC\B70_M_weapon\out\be_atk/背面/00001.png E:\examples\0_PC\B70_M_weapon\out\be_atk/背面/00002.png E:\examples\0_PC\B70_M_weapon\out\be_atk/背面/00003.png E:\examples\0_PC\B70_M_weapon\out\dead/45/00000.png E:\examples\0_PC\B70_M_weapon\out\dead/45/00001.png E:\examples\0_PC\B70_M_weapon\out\dead/45/00002.png E:\examples\0_PC\B70_M_weapon\out\dead/45/00003.png E:\examples\0_PC\B70_M_weapon\out\dead/45/00004.png E:\examples\0_PC\B70_M_weapon\out\dead/45/00005.png E:\examples\0_PC\B70_M_weapon\out\dead/45/00006.png E:\examples\0_PC\B70_M_weapon\out\dead/45/00007.png E:\examples\0_PC\B70_M_weapon\out\dead/45/00008.png E:\examples\0_PC\B70_M_weapon\out\dead/正侧/00000.png E:\examples\0_PC\B70_M_weapon\out\dead/正侧/00001.png E:\examples\0_PC\B70_M_weapon\out\dead/正侧/00002.png E:\examples\0_PC\B70_M_weapon\out\dead/正侧/00003.png E:\examples\0_PC\B70_M_weapon\out\dead/正侧/00004.png E:\examples\0_PC\B70_M_weapon\out\dead/正侧/00005.png E:\examples\0_PC\B70_M_weapon\out\dead/正侧/00006.png E:\examples\0_PC\B70_M_weapon\out\dead/正侧/00007.png E:\examples\0_PC\B70_M_weapon\out\dead/正侧/00008.png E:\examples\0_PC\B70_M_weapon\out\dead/正面/00000.png E:\examples\0_PC\B70_M_weapon\out\dead/正面/00001.png E:\examples\0_PC\B70_M_weapon\out\dead/正面/00002.png E:\examples\0_PC\B70_M_weapon\out\dead/正面/00003.png E:\examples\0_PC\B70_M_weapon\out\dead/正面/00004.png E:\examples\0_PC\B70_M_weapon\out\dead/正面/00005.png E:\examples\0_PC\B70_M_weapon\out\dead/正面/00006.png E:\examples\0_PC\B70_M_weapon\out\dead/正面/00007.png E:\examples\0_PC\B70_M_weapon\out\dead/正面/00008.png E:\examples\0_PC\B70_M_weapon\out\dead/背侧/00000.png E:\examples\0_PC\B70_M_weapon\out\dead/背侧/00001.png E:\examples\0_PC\B70_M_weapon\out\dead/背侧/00002.png E:\examples\0_PC\B70_M_weapon\out\dead/背侧/00003.png E:\examples\0_PC\B70_M_weapon\out\dead/背侧/00004.png E:\examples\0_PC\B70_M_weapon\out\dead/背侧/00005.png E:\examples\0_PC\B70_M_weapon\out\dead/背侧/00006.png E:\examples\0_PC\B70_M_weapon\out\dead/背侧/00007.png E:\examples\0_PC\B70_M_weapon\out\dead/背侧/00008.png E:\examples\0_PC\B70_M_weapon\out\dead/背面/00000.png E:\examples\0_PC\B70_M_weapon\out\dead/背面/00001.png E:\examples\0_PC\B70_M_weapon\out\dead/背面/00002.png E:\examples\0_PC\B70_M_weapon\out\dead/背面/00003.png E:\examples\0_PC\B70_M_weapon\out\dead/背面/00004.png E:\examples\0_PC\B70_M_weapon\out\dead/背面/00005.png E:\examples\0_PC\B70_M_weapon\out\dead/背面/00006.png E:\examples\0_PC\B70_M_weapon\out\dead/背面/00007.png E:\examples\0_PC\B70_M_weapon\out\dead/背面/00008.png E:\examples\0_PC\B70_M_weapon\out\run/45/00000.png E:\examples\0_PC\B70_M_weapon\out\run/45/00001.png E:\examples\0_PC\B70_M_weapon\out\run/45/00002.png E:\examples\0_PC\B70_M_weapon\out\run/45/00003.png E:\examples\0_PC\B70_M_weapon\out\run/45/00004.png E:\examples\0_PC\B70_M_weapon\out\run/45/00005.png E:\examples\0_PC\B70_M_weapon\out\run/45/00006.png E:\examples\0_PC\B70_M_weapon\out\run/45/00007.png E:\examples\0_PC\B70_M_weapon\out\run/正侧/00000.png E:\examples\0_PC\B70_M_weapon\out\run/正侧/00001.png E:\examples\0_PC\B70_M_weapon\out\run/正侧/00002.png E:\examples\0_PC\B70_M_weapon\out\run/正侧/00003.png E:\examples\0_PC\B70_M_weapon\out\run/正侧/00004.png E:\examples\0_PC\B70_M_weapon\out\run/正侧/00005.png E:\examples\0_PC\B70_M_weapon\out\run/正侧/00006.png E:\examples\0_PC\B70_M_weapon\out\run/正侧/00007.png E:\examples\0_PC\B70_M_weapon\out\run/正面/00000.png E:\examples\0_PC\B70_M_weapon\out\run/正面/00001.png E:\examples\0_PC\B70_M_weapon\out\run/正面/00002.png E:\examples\0_PC\B70_M_weapon\out\run/正面/00003.png E:\examples\0_PC\B70_M_weapon\out\run/正面/00004.png E:\examples\0_PC\B70_M_weapon\out\run/正面/00005.png E:\examples\0_PC\B70_M_weapon\out\run/正面/00006.png E:\examples\0_PC\B70_M_weapon\out\run/正面/00007.png E:\examples\0_PC\B70_M_weapon\out\run/背侧/00000.png E:\examples\0_PC\B70_M_weapon\out\run/背侧/00001.png E:\examples\0_PC\B70_M_weapon\out\run/背侧/00002.png E:\examples\0_PC\B70_M_weapon\out\run/背侧/00003.png E:\examples\0_PC\B70_M_weapon\out\run/背侧/00004.png E:\examples\0_PC\B70_M_weapon\out\run/背侧/00005.png E:\examples\0_PC\B70_M_weapon\out\run/背侧/00006.png E:\examples\0_PC\B70_M_weapon\out\run/背侧/00007.png E:\examples\0_PC\B70_M_weapon\out\run/背面/00000.png E:\examples\0_PC\B70_M_weapon\out\run/背面/00001.png E:\examples\0_PC\B70_M_weapon\out\run/背面/00002.png E:\examples\0_PC\B70_M_weapon\out\run/背面/00003.png E:\examples\0_PC\B70_M_weapon\out\run/背面/00004.png E:\examples\0_PC\B70_M_weapon\out\run/背面/00005.png E:\examples\0_PC\B70_M_weapon\out\run/背面/00006.png E:\examples\0_PC\B70_M_weapon\out\run/背面/00007.png E:\examples\0_PC\B70_M_weapon\out\static/45/00000.png E:\examples\0_PC\B70_M_weapon\out\static/45/00001.png E:\examples\0_PC\B70_M_weapon\out\static/45/00002.png E:\examples\0_PC\B70_M_weapon\out\static/45/00003.png E:\examples\0_PC\B70_M_weapon\out\static/正侧/00000.png E:\examples\0_PC\B70_M_weapon\out\static/正侧/00001.png E:\examples\0_PC\B70_M_weapon\out\static/正侧/00002.png E:\examples\0_PC\B70_M_weapon\out\static/正侧/00003.png E:\examples\0_PC\B70_M_weapon\out\static/正面/00000.png E:\examples\0_PC\B70_M_weapon\out\static/正面/00001.png E:\examples\0_PC\B70_M_weapon\out\static/正面/00002.png E:\examples\0_PC\B70_M_weapon\out\static/正面/00003.png E:\examples\0_PC\B70_M_weapon\out\static/背侧/00000.png E:\examples\0_PC\B70_M_weapon\out\static/背侧/00001.png E:\examples\0_PC\B70_M_weapon\out\static/背侧/00002.png E:\examples\0_PC\B70_M_weapon\out\static/背侧/00003.png E:\examples\0_PC\B70_M_weapon\out\static/背面/00000.png E:\examples\0_PC\B70_M_weapon\out\static/背面/00001.png E:\examples\0_PC\B70_M_weapon\out\static/背面/00002.png E:\examples\0_PC\B70_M_weapon\out\static/背面/00003.png -mode Concatenate -background none -tile 8x31 E:\examples\0_PC\B70_M_weapon\jsa.png
F:/programs/pngquant/pngquant.exe -f --speed 1 --ext .png E:\examples\0_PC\B70_M_weapon\jsa.png
